C51 COMPILER V9.52.0.0   MAIN                                                              09/24/2014 09:58:40 PAGE 1   


C51 COMPILER V9.52.0.0, COMPILATION OF MODULE MAIN
OBJECT MODULE PLACED IN .\Object\main.obj
COMPILER INVOKED BY: C:\Keil\C51\BIN\C51.EXE main.c LARGE BROWSE INCDIR(..\..\compiler\common;..\..\hal\nrf24lu1p;..\..\
                    -hal;..\..\hal\nrf24l01p;..\..\compiler\c51) DEBUG OBJECTEXTEND PRINT(.\lst\main.lst) TABS(2) OBJECT(.\Object\main.obj)

line level    source

   1          /****************************************Copyright (c)****************************************************
   2          **                                        
   3          **                                 
   4          **
   5          **--------------File Info---------------------------------------------------------------------------------
   6          ** File name:     main.c
   7          ** Last modified  Date:          
   8          ** Last Version:  1.0
   9          ** Descriptions:    
  10          **            
  11          **--------------------------------------------------------------------------------------------------------
  12          ** Created by:      FiYu
  13          ** Created date:    2014-8-5
  14          ** Version:         1.0
  15          ** Descriptions:    指示灯闪烁实验：上电后，指示灯一直闪烁。
  16          **            
  17          **--------------------------------------------------------------------------------------------------------
  18          ** Modified by:     
  19          ** Modified date:   
  20          ** Version:       
  21          ** Descriptions:    
  22          **
  23          ** Rechecked by:      
  24          **********************************************************************************************************
             -/
  25          #include "nrf24lu1p.h"
  26          #include <stdio.h> 
  27          #include <stdbool.h>
  28          #include <stdint.h>
  29          #include "hal_delay.h"
  30          
  31          
  32          
  33          /*-------------------管脚定义--------------------------------------------------*/
  34          #define  LED    P04  // 开发板上的指示灯
  35          #define  SW     P05  // 开发板上的按键
  36          
  37          
  38          /* 本例程中nRF24LU1P管脚配置
  39          P00: sck， 编程接口，也可以配置为其他功能。
  40          P01: mosi，编程接口，也可以配置为其他功能。
  41          P02: miso，编程接口，也可以配置为其他功能。
  42          P03: csn， 编程接口，也可以配置为其他功能。
  43          
  44          P04：输出，驱动LED            
  45          P05：输入，按键检测
  46          */
  47          
  48          /*******************************************************************************************************
  49           * Description : main loop
  50           * Parameters  : none
  51           * Return      : none
  52           *******************************************************************************************************/
  53          void main(void)
C51 COMPILER V9.52.0.0   MAIN                                                              09/24/2014 09:58:40 PAGE 2   

  54          { 
  55   1        P0DIR = 0xEF;       //配置P0:P04配置为输出
  56   1      
  57   1      
  58   1        while(1)
  59   1        {
  60   2          
  61   2          delay_ms(100);
  62   2          LED = ~LED;     //LED状态取反
  63   2          
  64   2        }
  65   1      }
  66          
  67           /*********************************END FILE***************************************************************
             -*/  


MODULE INFORMATION:   STATIC OVERLAYABLE
   CODE SIZE        =     14    ----
   CONSTANT SIZE    =   ----    ----
   XDATA SIZE       =   ----    ----
   PDATA SIZE       =   ----    ----
   DATA SIZE        =   ----    ----
   IDATA SIZE       =   ----    ----
   BIT SIZE         =   ----    ----
END OF MODULE INFORMATION.


C51 COMPILATION COMPLETE.  0 WARNING(S),  0 ERROR(S)
