C51 COMPILER V9.52.0.0   MAIN                                                              09/18/2014 15:58:12 PAGE 1   


C51 COMPILER V9.52.0.0, COMPILATION OF MODULE MAIN
OBJECT MODULE PLACED IN .\Object\main.obj
COMPILER INVOKED BY: C:\Keil\C51\BIN\C51.EXE main.c LARGE BROWSE INCDIR(..\..\compiler\common;..\..\hal\nrf24lu1p;..\..\
                    -hal;..\..\hal\nrf24l01p;..\..\compiler\c51) DEBUG OBJECTEXTEND PRINT(.\lst\main.lst) TABS(2) OBJECT(.\Object\main.obj)

line level    source

   1          /****************************************Copyright (c)****************************************************
   2          **                                        
   3          **                                 
   4          **
   5          **--------------File Info---------------------------------------------------------------------------------
   6          ** File name:     main.c
   7          ** Last modified  Date:          
   8          ** Last Version:  1.0
   9          ** Descriptions:    
  10          **            
  11          **--------------------------------------------------------------------------------------------------------
  12          ** Created by:      FiYu
  13          ** Created date:    2014-8-5
  14          ** Version:         1.0
  15          ** Descriptions:    定时器0实验程序。定时器0每20ms产生一次中断，在中断中每隔500ms将LED状态取反
  16          **                  定时时间 = (12/16M)*(TIMER0_VALUE)S
  17          **--------------------------------------------------------------------------------------------------------
  18          ** Modified by:     
  19          ** Modified date:   
  20          ** Version:       
  21          ** Descriptions:    
  22          **
  23          ** Rechecked by:      
  24          **********************************************************************************************************
             -/
  25          #include "nrf24lu1p.h"
  26          #include <stdio.h> 
  27          #include <stdbool.h>
  28          #include <stdint.h>
  29          
  30          
  31          /*******************************************************************************************************
  32           * INTERNAL MACRO DEFINITIONS
  33           *******************************************************************************************************/
  34          /*-------------------管脚定义--------------------------------------------------*/
  35          #define  LED    P04  // 开发板上的指示灯
  36          #define  SW     P05  // 开发板上的按键
  37          
  38          
  39          /* 本例程中nRF24LU1P管脚配置
  40          P00: sck， 编程接口，也可以配置为其他功能。
  41          P01: mosi，编程接口，也可以配置为其他功能。
  42          P02: miso，编程接口，也可以配置为其他功能。
  43          P03: csn， 编程接口，也可以配置为其他功能。
  44          
  45          P04：输出，驱动LED            
  46          P05：输入，按键检测
  47          */
  48          
  49          
  50          #define TIMER0_VALUE  26666
  51          
  52          uint8_t idata count;
  53          
C51 COMPILER V9.52.0.0   MAIN                                                              09/18/2014 15:58:12 PAGE 2   

  54          void Timer0Init(void)
  55          {
  56   1        TMOD = 0x01;                       //16位定时器
  57   1        TH0  = (65536-TIMER0_VALUE)/256;   //写入初值
  58   1        TL0  = (65536-TIMER0_VALUE)%256;
  59   1        ET0  = 1;    //使能Timer0溢出中断
  60   1        EA   = 1;    //使能全局中断
  61   1        TR0  = 1;    //启动Timer0
  62   1      }
  63          /*******************************************************************************************************
  64           * Description : main loop
  65           * Parameters  : none
  66           * Return      : none
  67           *******************************************************************************************************/
  68          void main(void)
  69          { 
  70   1        P0DIR = 0xEF;       //配置P0:P04配置为输出
  71   1      
  72   1        count = 0;
  73   1        Timer0Init();
  74   1        
  75   1        while(1);
  76   1      }
  77          
  78          //Timer0中断服务函数
  79          void Timer0_irq() interrupt INTERRUPT_T0
  80          {
  81   1        
  82   1        TH0=(65536-TIMER0_VALUE)/256;
  83   1        TL0=(65536-TIMER0_VALUE)%256;
  84   1        count++;
  85   1        
  86   1        
  87   1        if(count == 25) //500ms 
  88   1        {
  89   2          count=0;
  90   2          LED = ~LED; //LED状态取反
  91   2        }
  92   1      }
  93           /*********************************END FILE***************************************************************
             -*/  


MODULE INFORMATION:   STATIC OVERLAYABLE
   CODE SIZE        =     61    ----
   CONSTANT SIZE    =   ----    ----
   XDATA SIZE       =   ----    ----
   PDATA SIZE       =   ----    ----
   DATA SIZE        =   ----    ----
   IDATA SIZE       =      1    ----
   BIT SIZE         =   ----    ----
END OF MODULE INFORMATION.


C51 COMPILATION COMPLETE.  0 WARNING(S),  0 ERROR(S)
