C51 COMPILER V9.52.0.0   MAIN                                                              09/18/2014 15:57:51 PAGE 1   


C51 COMPILER V9.52.0.0, COMPILATION OF MODULE MAIN
OBJECT MODULE PLACED IN .\Object\main.obj
COMPILER INVOKED BY: C:\Keil\C51\BIN\C51.EXE main.c LARGE BROWSE INCDIR(..\..\compiler\common;..\..\hal\nrf24lu1p;..\..\
                    -hal;..\..\hal\nrf24l01p;..\..\compiler\c51) DEBUG OBJECTEXTEND PRINT(.\lst\main.lst) TABS(2) OBJECT(.\Object\main.obj)

line level    source

   1          /****************************************Copyright (c)****************************************************
   2          **                                        
   3          **                                 
   4          **
   5          **--------------File Info---------------------------------------------------------------------------------
   6          ** File name:     main.c
   7          ** Last modified Date:          
   8          ** Last Version:    1.0
   9          ** Descriptions:    
  10          **            
  11          **--------------------------------------------------------------------------------------------------------
  12          ** Created by:      FiYu
  13          ** Created date:    2013-9-16
  14          ** Version:         1.0
  15          ** Descriptions:    按键、指示灯实验程序：按下按键，指示灯点亮，松开按键，指示灯熄灭。
  16          **            
  17          **--------------------------------------------------------------------------------------------------------
  18          ** Modified by:     
  19          ** Modified date:   
  20          ** Version:       
  21          ** Descriptions:    
  22          **
  23          ** Rechecked by:      
  24          **********************************************************************************************************
             -/
  25          #include "nrf24lu1p.h"
  26          #include <stdio.h> 
  27          #include <stdbool.h>
  28          #include <stdint.h>
  29          #include "hal_delay.h"
  30          
  31          
  32          /*-------------------管脚定义--------------------------------------------------*/
  33          #define  LED    P04  // 开发板上的指示灯
  34          #define  SW     P05  // 开发板上的按键
  35          
  36          
  37          /* 本例程中nRF24LU1P管脚配置
  38          P00: sck, 编程接口，也可以配置为其他功能。
  39          P01: mosi,编程接口，也可以配置为其他功能。
  40          P02: miso,编程接口，也可以配置为其他功能。
  41          P03: csn, 编程接口，也可以配置为其他功能。
  42          
  43          P04：输出，驱动LED            
  44          P05：输入，按键检测
  45          */
  46          
  47          /*******************************************************************************************************
  48           * Description : main loop
  49           * Parameters  : none
  50           * Return      : none
  51           *******************************************************************************************************/
  52          void main(void)
  53          { 
C51 COMPILER V9.52.0.0   MAIN                                                              09/18/2014 15:57:51 PAGE 2   

  54   1        P0DIR = 0xEF;           //配置P0:P04配置为输出
  55   1      
  56   1        while(1)
  57   1        {
  58   2          if(SW == 0)
  59   2          {
  60   3            delay_ms(10);       // 去抖动
  61   3            if(SW == 0)
  62   3            {
  63   4              LED = 0;          // 点亮LED
  64   4              while(SW == 0);   // 等待按键释放
  65   4              LED = 1;          // 熄灭指示灯
  66   4            }   
  67   3          }   
  68   2        }
  69   1      }
  70          
  71           /*********************************END FILE***************************************************************
             -*/  


MODULE INFORMATION:   STATIC OVERLAYABLE
   CODE SIZE        =     25    ----
   CONSTANT SIZE    =   ----    ----
   XDATA SIZE       =   ----    ----
   PDATA SIZE       =   ----    ----
   DATA SIZE        =   ----    ----
   IDATA SIZE       =   ----    ----
   BIT SIZE         =   ----    ----
END OF MODULE INFORMATION.


C51 COMPILATION COMPLETE.  0 WARNING(S),  0 ERROR(S)
